<?xml version="1.0" encoding="UTF-8"?>
<!-- Generated by org.testng.reporters.JUnitReportReporter -->
<testsuite skipped="0" hostname="Riturajs-MacBook-Pro.local" name="buyjourney.WomenShoe" tests="1" failures="0" timestamp="20 Feb 2019 07:33:31 GMT" time="19.740" errors="0">
  <testcase name="shoes" time="19.740" classname="buyjourney.WomenShoe"/>
</testsuite> <!-- buyjourney.WomenShoe -->
