<?xml version="1.0" encoding="UTF-8"?>
<!-- Generated by org.testng.reporters.JUnitReportReporter -->
<testsuite skipped="0" hostname="Riturajs-MacBook-Pro.local" name="ExtentRpt$ExtentTestNGReportBuilder" tests="2" failures="0" timestamp="20 Feb 2019 03:33:37 GMT" time="0.027" errors="0">
  <testcase name="Test1" time="0.024" classname="ExtentRpt$ExtentTestNGReportBuilder"/>
  <testcase name="Test2" time="0.003" classname="ExtentRpt$ExtentTestNGReportBuilder"/>
</testsuite> <!-- ExtentRpt$ExtentTestNGReportBuilder -->
